Build started 12/28/2011 10:56:16 PM.
     1>Project "C:\Users\ag\Documents\Visual Studio 2010\Projects\Sunny Alarm Clock\Sunny Alarm Clock\Sunny Alarm Clock.vcxproj" on node 2 (build target(s)).
     1>InitializeBuildStatus:
         Creating "Debug\Sunny Alarm Clock.unsuccessfulbuild" because "AlwaysCreate" was specified.
       ClCompile:
         C:\Program Files (x86)\Microsoft Visual Studio 10.0\VC\bin\CL.exe /c /IC:\WinDDK\7600.16385.1\inc\crt /IC:\WinDDK\7600.16385.1\inc\ddk /IC:\WinDDK\7600.16385.1\inc\api /ZI /nologo /W3 /WX- /Od /Oy- /D WIN32 /D _DEBUG /D _CONSOLE /D _UNICODE /D UNICODE /Gm /EHsc /RTC1 /MDd /GS /fp:precise /Zc:wchar_t /Zc:forScope /Fo"Debug\\" /Fd"Debug\vc100.pdb" /Gd /TP /analyze- /errorReport:prompt main.cpp
         main.cpp
     1>c:\users\ag\documents\visual studio 2010\projects\sunny alarm clock\sunny alarm clock\main.cpp(13): warning C4244: 'return' : conversion from 'double' to 'int', possible loss of data
     1>c:\users\ag\documents\visual studio 2010\projects\sunny alarm clock\sunny alarm clock\main.cpp(34): warning C4244: 'argument' : conversion from 'double' to 'DWORD', possible loss of data
     1>c:\users\ag\documents\visual studio 2010\projects\sunny alarm clock\sunny alarm clock\main.cpp(108): warning C4244: 'argument' : conversion from 'double' to 'DWORD', possible loss of data
     1>c:\users\ag\documents\visual studio 2010\projects\sunny alarm clock\sunny alarm clock\main.cpp(57): warning C4101: 'qResult' : unreferenced local variable
     1>c:\users\ag\documents\visual studio 2010\projects\sunny alarm clock\sunny alarm clock\main.cpp(58): warning C4101: 'targetPath' : unreferenced local variable
       ManifestResourceCompile:
         All outputs are up-to-date.
       Link:
         C:\Program Files (x86)\Microsoft Visual Studio 10.0\VC\bin\link.exe /ERRORREPORT:PROMPT /OUT:"C:\Users\ag\Documents\Visual Studio 2010\Projects\Sunny Alarm Clock\Debug\Sunny Alarm Clock.exe" /INCREMENTAL /NOLOGO /LIBPATH:C:\WinDDK\7600.16385.1\lib\win7\i386 kernel32.lib user32.lib gdi32.lib winspool.lib comdlg32.lib advapi32.lib shell32.lib ole32.lib oleaut32.lib uuid.lib odbc32.lib odbccp32.lib /MANIFEST /ManifestFile:"Debug\Sunny Alarm Clock.exe.intermediate.manifest" /MANIFESTUAC:"level='asInvoker' uiAccess='false'" /DEBUG /PDB:"C:\Users\ag\Documents\Visual Studio 2010\Projects\Sunny Alarm Clock\Debug\Sunny Alarm Clock.pdb" /SUBSYSTEM:CONSOLE /TLBID:1 /DYNAMICBASE /NXCOMPAT /IMPLIB:"C:\Users\ag\Documents\Visual Studio 2010\Projects\Sunny Alarm Clock\Debug\Sunny Alarm Clock.lib" /MACHINE:X86 "Debug\Sunny Alarm Clock.exe.embed.manifest.res"
         Debug\main.obj
       Manifest:
         C:\Program Files (x86)\Microsoft SDKs\Windows\v7.0A\bin\mt.exe /nologo /verbose /out:"Debug\Sunny Alarm Clock.exe.embed.manifest" /manifest "Debug\Sunny Alarm Clock.exe.intermediate.manifest"
         All outputs are up-to-date.
       LinkEmbedManifest:
         All outputs are up-to-date.
         Sunny Alarm Clock.vcxproj -> C:\Users\ag\Documents\Visual Studio 2010\Projects\Sunny Alarm Clock\Debug\Sunny Alarm Clock.exe
       FinalizeBuildStatus:
         Deleting file "Debug\Sunny Alarm Clock.unsuccessfulbuild".
         Touching "Debug\Sunny Alarm Clock.lastbuildstate".
     1>Done Building Project "C:\Users\ag\Documents\Visual Studio 2010\Projects\Sunny Alarm Clock\Sunny Alarm Clock\Sunny Alarm Clock.vcxproj" (build target(s)).

Build succeeded.

Time Elapsed 00:00:01.11
